06-Oct-2018 11:22:40.564 警告 [main] org.apache.catalina.core.StandardServer.await StandardServer.await: Invalid command '' received
06-Oct-2018 11:24:37.117 警告 [main] org.apache.catalina.core.StandardServer.await StandardServer.await: Invalid command '' received
06-Oct-2018 11:27:00.579 警告 [main] org.apache.catalina.core.StandardServer.await StandardServer.await: Invalid command '' received
06-Oct-2018 11:29:32.117 警告 [main] org.apache.catalina.core.StandardServer.await StandardServer.await: Invalid command '' received
06-Oct-2018 11:30:37.124 警告 [main] org.apache.catalina.core.StandardServer.await StandardServer.await: Invalid command '' received
06-Oct-2018 11:31:31.860 信息 [main] org.apache.catalina.startup.VersionLoggerListener.log Server version:        Apache Tomcat/8.5.34
06-Oct-2018 11:31:31.867 信息 [main] org.apache.catalina.startup.VersionLoggerListener.log Server built:          Sep 4 2018 22:28:22 UTC
06-Oct-2018 11:31:31.867 信息 [main] org.apache.catalina.startup.VersionLoggerListener.log Server number:         8.5.34.0
06-Oct-2018 11:31:31.867 信息 [main] org.apache.catalina.startup.VersionLoggerListener.log OS Name:               Mac OS X
06-Oct-2018 11:31:31.867 信息 [main] org.apache.catalina.startup.VersionLoggerListener.log OS Version:            10.12.6
06-Oct-2018 11:31:31.867 信息 [main] org.apache.catalina.startup.VersionLoggerListener.log Architecture:          x86_64
06-Oct-2018 11:31:31.867 信息 [main] org.apache.catalina.startup.VersionLoggerListener.log Java Home:             /Library/Java/JavaVirtualMachines/jdk1.8.0_141.jdk/Contents/Home/jre
06-Oct-2018 11:31:31.868 信息 [main] org.apache.catalina.startup.VersionLoggerListener.log JVM Version:           1.8.0_141-b15
06-Oct-2018 11:31:31.868 信息 [main] org.apache.catalina.startup.VersionLoggerListener.log JVM Vendor:            Oracle Corporation
06-Oct-2018 11:31:31.868 信息 [main] org.apache.catalina.startup.VersionLoggerListener.log CATALINA_BASE:         /Users/LinkRay/tomcat8
06-Oct-2018 11:31:31.868 信息 [main] org.apache.catalina.startup.VersionLoggerListener.log CATALINA_HOME:         /Users/LinkRay/tomcat8
06-Oct-2018 11:31:31.868 信息 [main] org.apache.catalina.startup.VersionLoggerListener.log Command line argument: -Djava.util.logging.config.file=/Users/LinkRay/tomcat8/conf/logging.properties
06-Oct-2018 11:31:31.869 信息 [main] org.apache.catalina.startup.VersionLoggerListener.log Command line argument: -Djava.util.logging.manager=org.apache.juli.ClassLoaderLogManager
06-Oct-2018 11:31:31.869 信息 [main] org.apache.catalina.startup.VersionLoggerListener.log Command line argument: -Djdk.tls.ephemeralDHKeySize=2048
06-Oct-2018 11:31:31.869 信息 [main] org.apache.catalina.startup.VersionLoggerListener.log Command line argument: -Djava.protocol.handler.pkgs=org.apache.catalina.webresources
06-Oct-2018 11:31:31.869 信息 [main] org.apache.catalina.startup.VersionLoggerListener.log Command line argument: -Dorg.apache.catalina.security.SecurityListener.UMASK=0027
06-Oct-2018 11:31:31.869 信息 [main] org.apache.catalina.startup.VersionLoggerListener.log Command line argument: -Dignore.endorsed.dirs=
06-Oct-2018 11:31:31.869 信息 [main] org.apache.catalina.startup.VersionLoggerListener.log Command line argument: -Dcatalina.base=/Users/LinkRay/tomcat8
06-Oct-2018 11:31:31.869 信息 [main] org.apache.catalina.startup.VersionLoggerListener.log Command line argument: -Dcatalina.home=/Users/LinkRay/tomcat8
06-Oct-2018 11:31:31.869 信息 [main] org.apache.catalina.startup.VersionLoggerListener.log Command line argument: -Djava.io.tmpdir=/Users/LinkRay/tomcat8/temp
06-Oct-2018 11:31:31.870 信息 [main] org.apache.catalina.core.AprLifecycleListener.lifecycleEvent The APR based Apache Tomcat Native library which allows optimal performance in production environments was not found on the java.library.path: [/Users/LinkRay/Library/Java/Extensions:/Library/Java/Extensions:/Network/Library/Java/Extensions:/System/Library/Java/Extensions:/usr/lib/java:.]
06-Oct-2018 11:31:32.046 信息 [main] org.apache.coyote.AbstractProtocol.init Initializing ProtocolHandler ["http-nio-8080"]
06-Oct-2018 11:31:32.071 严重 [main] org.apache.catalina.core.StandardService.initInternal Failed to initialize connector [Connector[HTTP/1.1-8080]]
 org.apache.catalina.LifecycleException: Failed to initialize component [Connector[HTTP/1.1-8080]]
	at org.apache.catalina.util.LifecycleBase.init(LifecycleBase.java:112)
	at org.apache.catalina.core.StandardService.initInternal(StandardService.java:552)
	at org.apache.catalina.util.LifecycleBase.init(LifecycleBase.java:107)
	at org.apache.catalina.core.StandardServer.initInternal(StandardServer.java:875)
	at org.apache.catalina.util.LifecycleBase.init(LifecycleBase.java:107)
	at org.apache.catalina.startup.Catalina.load(Catalina.java:632)
	at org.apache.catalina.startup.Catalina.load(Catalina.java:655)
	at sun.reflect.NativeMethodAccessorImpl.invoke0(Native Method)
	at sun.reflect.NativeMethodAccessorImpl.invoke(NativeMethodAccessorImpl.java:62)
	at sun.reflect.DelegatingMethodAccessorImpl.invoke(DelegatingMethodAccessorImpl.java:43)
	at java.lang.reflect.Method.invoke(Method.java:498)
	at org.apache.catalina.startup.Bootstrap.load(Bootstrap.java:309)
	at org.apache.catalina.startup.Bootstrap.main(Bootstrap.java:492)
Caused by: org.apache.catalina.LifecycleException: Protocol handler initialization failed
	at org.apache.catalina.connector.Connector.initInternal(Connector.java:995)
	at org.apache.catalina.util.LifecycleBase.init(LifecycleBase.java:107)
	... 12 more
Caused by: java.net.BindException: Address already in use
	at sun.nio.ch.Net.bind0(Native Method)
	at sun.nio.ch.Net.bind(Net.java:433)
	at sun.nio.ch.Net.bind(Net.java:425)
	at sun.nio.ch.ServerSocketChannelImpl.bind(ServerSocketChannelImpl.java:223)
	at sun.nio.ch.ServerSocketAdaptor.bind(ServerSocketAdaptor.java:74)
	at org.apache.tomcat.util.net.NioEndpoint.bind(NioEndpoint.java:219)
	at org.apache.tomcat.util.net.AbstractEndpoint.init(AbstractEndpoint.java:1087)
	at org.apache.tomcat.util.net.AbstractJsseEndpoint.init(AbstractJsseEndpoint.java:265)
	at org.apache.coyote.AbstractProtocol.init(AbstractProtocol.java:581)
	at org.apache.coyote.http11.AbstractHttp11Protocol.init(AbstractHttp11Protocol.java:68)
	at org.apache.catalina.connector.Connector.initInternal(Connector.java:993)
	... 13 more

06-Oct-2018 11:31:32.073 信息 [main] org.apache.coyote.AbstractProtocol.init Initializing ProtocolHandler ["ajp-nio-8009"]
06-Oct-2018 11:31:32.075 严重 [main] org.apache.catalina.core.StandardService.initInternal Failed to initialize connector [Connector[AJP/1.3-8009]]
 org.apache.catalina.LifecycleException: Failed to initialize component [Connector[AJP/1.3-8009]]
	at org.apache.catalina.util.LifecycleBase.init(LifecycleBase.java:112)
	at org.apache.catalina.core.StandardService.initInternal(StandardService.java:552)
	at org.apache.catalina.util.LifecycleBase.init(LifecycleBase.java:107)
	at org.apache.catalina.core.StandardServer.initInternal(StandardServer.java:875)
	at org.apache.catalina.util.LifecycleBase.init(LifecycleBase.java:107)
	at org.apache.catalina.startup.Catalina.load(Catalina.java:632)
	at org.apache.catalina.startup.Catalina.load(Catalina.java:655)
	at sun.reflect.NativeMethodAccessorImpl.invoke0(Native Method)
	at sun.reflect.NativeMethodAccessorImpl.invoke(NativeMethodAccessorImpl.java:62)
	at sun.reflect.DelegatingMethodAccessorImpl.invoke(DelegatingMethodAccessorImpl.java:43)
	at java.lang.reflect.Method.invoke(Method.java:498)
	at org.apache.catalina.startup.Bootstrap.load(Bootstrap.java:309)
	at org.apache.catalina.startup.Bootstrap.main(Bootstrap.java:492)
Caused by: org.apache.catalina.LifecycleException: Protocol handler initialization failed
	at org.apache.catalina.connector.Connector.initInternal(Connector.java:995)
	at org.apache.catalina.util.LifecycleBase.init(LifecycleBase.java:107)
	... 12 more
Caused by: java.net.BindException: Address already in use
	at sun.nio.ch.Net.bind0(Native Method)
	at sun.nio.ch.Net.bind(Net.java:433)
	at sun.nio.ch.Net.bind(Net.java:425)
	at sun.nio.ch.ServerSocketChannelImpl.bind(ServerSocketChannelImpl.java:223)
	at sun.nio.ch.ServerSocketAdaptor.bind(ServerSocketAdaptor.java:74)
	at org.apache.tomcat.util.net.NioEndpoint.bind(NioEndpoint.java:219)
	at org.apache.tomcat.util.net.AbstractEndpoint.init(AbstractEndpoint.java:1087)
	at org.apache.tomcat.util.net.AbstractJsseEndpoint.init(AbstractJsseEndpoint.java:265)
	at org.apache.coyote.AbstractProtocol.init(AbstractProtocol.java:581)
	at org.apache.catalina.connector.Connector.initInternal(Connector.java:993)
	... 13 more

06-Oct-2018 11:31:32.076 信息 [main] org.apache.catalina.startup.Catalina.load Initialization processed in 750 ms
06-Oct-2018 11:31:32.119 信息 [main] org.apache.catalina.core.StandardService.startInternal Starting service [Catalina]
06-Oct-2018 11:31:32.123 信息 [main] org.apache.catalina.core.StandardEngine.startInternal Starting Servlet Engine: Apache Tomcat/8.5.34
06-Oct-2018 11:31:32.137 信息 [localhost-startStop-1] org.apache.catalina.startup.HostConfig.deployDirectory Deploying web application directory [/Users/LinkRay/tomcat8/webapps/docs]
06-Oct-2018 11:31:32.546 信息 [localhost-startStop-1] org.apache.catalina.startup.HostConfig.deployDirectory Deployment of web application directory [/Users/LinkRay/tomcat8/webapps/docs] has finished in [408] ms
06-Oct-2018 11:31:32.549 信息 [localhost-startStop-1] org.apache.catalina.startup.HostConfig.deployDirectory Deploying web application directory [/Users/LinkRay/tomcat8/webapps/examples]
06-Oct-2018 11:31:33.254 信息 [localhost-startStop-1] org.apache.catalina.startup.HostConfig.deployDirectory Deployment of web application directory [/Users/LinkRay/tomcat8/webapps/examples] has finished in [704] ms
06-Oct-2018 11:31:33.254 信息 [localhost-startStop-1] org.apache.catalina.startup.HostConfig.deployDirectory Deploying web application directory [/Users/LinkRay/tomcat8/webapps/host-manager]
06-Oct-2018 11:31:33.389 信息 [localhost-startStop-1] org.apache.catalina.startup.HostConfig.deployDirectory Deployment of web application directory [/Users/LinkRay/tomcat8/webapps/host-manager] has finished in [135] ms
06-Oct-2018 11:31:33.390 信息 [localhost-startStop-1] org.apache.catalina.startup.HostConfig.deployDirectory Deploying web application directory [/Users/LinkRay/tomcat8/webapps/manager]
06-Oct-2018 11:31:33.449 信息 [localhost-startStop-1] org.apache.catalina.startup.HostConfig.deployDirectory Deployment of web application directory [/Users/LinkRay/tomcat8/webapps/manager] has finished in [59] ms
06-Oct-2018 11:31:33.450 信息 [localhost-startStop-1] org.apache.catalina.startup.HostConfig.deployDirectory Deploying web application directory [/Users/LinkRay/tomcat8/webapps/ROOT]
06-Oct-2018 11:31:33.475 信息 [localhost-startStop-1] org.apache.catalina.startup.HostConfig.deployDirectory Deployment of web application directory [/Users/LinkRay/tomcat8/webapps/ROOT] has finished in [24] ms
06-Oct-2018 11:31:33.479 信息 [main] org.apache.catalina.startup.Catalina.start Server startup in 1402 ms
06-Oct-2018 11:31:33.488 严重 [main] org.apache.catalina.core.StandardServer.await StandardServer.await: create[localhost:8005]: 
 java.net.BindException: Address already in use (Bind failed)
	at java.net.PlainSocketImpl.socketBind(Native Method)
	at java.net.AbstractPlainSocketImpl.bind(AbstractPlainSocketImpl.java:387)
	at java.net.ServerSocket.bind(ServerSocket.java:375)
	at java.net.ServerSocket.<init>(ServerSocket.java:237)
	at org.apache.catalina.core.StandardServer.await(StandardServer.java:440)
	at org.apache.catalina.startup.Catalina.await(Catalina.java:769)
	at org.apache.catalina.startup.Catalina.start(Catalina.java:715)
	at sun.reflect.NativeMethodAccessorImpl.invoke0(Native Method)
	at sun.reflect.NativeMethodAccessorImpl.invoke(NativeMethodAccessorImpl.java:62)
	at sun.reflect.DelegatingMethodAccessorImpl.invoke(DelegatingMethodAccessorImpl.java:43)
	at java.lang.reflect.Method.invoke(Method.java:498)
	at org.apache.catalina.startup.Bootstrap.start(Bootstrap.java:353)
	at org.apache.catalina.startup.Bootstrap.main(Bootstrap.java:493)

06-Oct-2018 11:31:33.489 信息 [main] org.apache.coyote.AbstractProtocol.pause Pausing ProtocolHandler ["http-nio-8080"]
06-Oct-2018 11:31:33.489 信息 [main] org.apache.coyote.AbstractProtocol.pause Pausing ProtocolHandler ["ajp-nio-8009"]
06-Oct-2018 11:31:33.489 信息 [main] org.apache.catalina.core.StandardService.stopInternal Stopping service [Catalina]
06-Oct-2018 11:31:33.517 信息 [main] org.apache.coyote.AbstractProtocol.stop Stopping ProtocolHandler ["http-nio-8080"]
06-Oct-2018 11:31:33.517 信息 [main] org.apache.coyote.AbstractProtocol.destroy Destroying ProtocolHandler ["http-nio-8080"]
06-Oct-2018 11:31:33.518 信息 [main] org.apache.coyote.AbstractProtocol.stop Stopping ProtocolHandler ["ajp-nio-8009"]
06-Oct-2018 11:31:33.518 信息 [main] org.apache.coyote.AbstractProtocol.destroy Destroying ProtocolHandler ["ajp-nio-8009"]
06-Oct-2018 11:31:39.758 警告 [main] org.apache.catalina.core.StandardServer.await StandardServer.await: Invalid command '' received
06-Oct-2018 11:33:19.489 警告 [main] org.apache.catalina.core.StandardServer.await StandardServer.await: Invalid command '' received
06-Oct-2018 11:33:46.606 警告 [main] org.apache.catalina.core.StandardServer.await StandardServer.await: Invalid command '' received
06-Oct-2018 11:35:11.012 警告 [main] org.apache.catalina.core.StandardServer.await StandardServer.await: Invalid command '' received
06-Oct-2018 11:50:07.586 警告 [main] org.apache.catalina.core.StandardServer.await StandardServer.await: Invalid command '' received
06-Oct-2018 11:56:55.503 警告 [main] org.apache.catalina.core.StandardServer.await StandardServer.await: Invalid command '' received
06-Oct-2018 11:58:09.514 警告 [main] org.apache.catalina.core.StandardServer.await StandardServer.await: Invalid command '' received
