04-Oct-2018 18:01:38.892 信息 [main] org.apache.catalina.startup.VersionLoggerListener.log Server version:        Apache Tomcat/8.5.34
04-Oct-2018 18:01:38.913 信息 [main] org.apache.catalina.startup.VersionLoggerListener.log Server built:          Sep 4 2018 22:28:22 UTC
04-Oct-2018 18:01:38.913 信息 [main] org.apache.catalina.startup.VersionLoggerListener.log Server number:         8.5.34.0
04-Oct-2018 18:01:38.914 信息 [main] org.apache.catalina.startup.VersionLoggerListener.log OS Name:               Mac OS X
04-Oct-2018 18:01:38.914 信息 [main] org.apache.catalina.startup.VersionLoggerListener.log OS Version:            10.12.6
04-Oct-2018 18:01:38.914 信息 [main] org.apache.catalina.startup.VersionLoggerListener.log Architecture:          x86_64
04-Oct-2018 18:01:38.914 信息 [main] org.apache.catalina.startup.VersionLoggerListener.log Java Home:             /Library/Java/JavaVirtualMachines/jdk1.8.0_141.jdk/Contents/Home/jre
04-Oct-2018 18:01:38.914 信息 [main] org.apache.catalina.startup.VersionLoggerListener.log JVM Version:           1.8.0_141-b15
04-Oct-2018 18:01:38.914 信息 [main] org.apache.catalina.startup.VersionLoggerListener.log JVM Vendor:            Oracle Corporation
04-Oct-2018 18:01:38.915 信息 [main] org.apache.catalina.startup.VersionLoggerListener.log CATALINA_BASE:         /Users/LinkRay/tomcat8
04-Oct-2018 18:01:38.915 信息 [main] org.apache.catalina.startup.VersionLoggerListener.log CATALINA_HOME:         /Users/LinkRay/tomcat8
04-Oct-2018 18:01:38.916 信息 [main] org.apache.catalina.startup.VersionLoggerListener.log Command line argument: -Djava.util.logging.config.file=/Users/LinkRay/tomcat8/conf/logging.properties
04-Oct-2018 18:01:38.916 信息 [main] org.apache.catalina.startup.VersionLoggerListener.log Command line argument: -Djava.util.logging.manager=org.apache.juli.ClassLoaderLogManager
04-Oct-2018 18:01:38.917 信息 [main] org.apache.catalina.startup.VersionLoggerListener.log Command line argument: -Djdk.tls.ephemeralDHKeySize=2048
04-Oct-2018 18:01:38.917 信息 [main] org.apache.catalina.startup.VersionLoggerListener.log Command line argument: -Djava.protocol.handler.pkgs=org.apache.catalina.webresources
04-Oct-2018 18:01:38.917 信息 [main] org.apache.catalina.startup.VersionLoggerListener.log Command line argument: -Dorg.apache.catalina.security.SecurityListener.UMASK=0027
04-Oct-2018 18:01:38.917 信息 [main] org.apache.catalina.startup.VersionLoggerListener.log Command line argument: -Dignore.endorsed.dirs=
04-Oct-2018 18:01:38.917 信息 [main] org.apache.catalina.startup.VersionLoggerListener.log Command line argument: -Dcatalina.base=/Users/LinkRay/tomcat8
04-Oct-2018 18:01:38.917 信息 [main] org.apache.catalina.startup.VersionLoggerListener.log Command line argument: -Dcatalina.home=/Users/LinkRay/tomcat8
04-Oct-2018 18:01:38.917 信息 [main] org.apache.catalina.startup.VersionLoggerListener.log Command line argument: -Djava.io.tmpdir=/Users/LinkRay/tomcat8/temp
04-Oct-2018 18:01:38.917 信息 [main] org.apache.catalina.core.AprLifecycleListener.lifecycleEvent The APR based Apache Tomcat Native library which allows optimal performance in production environments was not found on the java.library.path: [/Users/LinkRay/Library/Java/Extensions:/Library/Java/Extensions:/Network/Library/Java/Extensions:/System/Library/Java/Extensions:/usr/lib/java:.]
04-Oct-2018 18:01:39.699 信息 [main] org.apache.coyote.AbstractProtocol.init Initializing ProtocolHandler ["http-nio-8080"]
04-Oct-2018 18:01:39.825 信息 [main] org.apache.tomcat.util.net.NioSelectorPool.getSharedSelector Using a shared selector for servlet write/read
04-Oct-2018 18:01:39.863 信息 [main] org.apache.coyote.AbstractProtocol.init Initializing ProtocolHandler ["ajp-nio-8009"]
04-Oct-2018 18:01:39.865 信息 [main] org.apache.tomcat.util.net.NioSelectorPool.getSharedSelector Using a shared selector for servlet write/read
04-Oct-2018 18:01:39.866 信息 [main] org.apache.catalina.startup.Catalina.load Initialization processed in 2576 ms
04-Oct-2018 18:01:39.955 信息 [main] org.apache.catalina.core.StandardService.startInternal Starting service [Catalina]
04-Oct-2018 18:01:39.955 信息 [main] org.apache.catalina.core.StandardEngine.startInternal Starting Servlet Engine: Apache Tomcat/8.5.34
04-Oct-2018 18:01:39.983 信息 [localhost-startStop-1] org.apache.catalina.startup.HostConfig.deployDirectory Deploying web application directory [/Users/LinkRay/tomcat8/webapps/docs]
04-Oct-2018 18:01:41.128 警告 [localhost-startStop-1] org.apache.catalina.util.SessionIdGeneratorBase.createSecureRandom Creation of SecureRandom instance for session ID generation using [SHA1PRNG] took [104] milliseconds.
04-Oct-2018 18:01:41.214 信息 [localhost-startStop-1] org.apache.catalina.startup.HostConfig.deployDirectory Deployment of web application directory [/Users/LinkRay/tomcat8/webapps/docs] has finished in [1,231] ms
04-Oct-2018 18:01:41.214 信息 [localhost-startStop-1] org.apache.catalina.startup.HostConfig.deployDirectory Deploying web application directory [/Users/LinkRay/tomcat8/webapps/examples]
04-Oct-2018 18:01:41.939 信息 [localhost-startStop-1] org.apache.catalina.startup.HostConfig.deployDirectory Deployment of web application directory [/Users/LinkRay/tomcat8/webapps/examples] has finished in [725] ms
04-Oct-2018 18:01:41.939 信息 [localhost-startStop-1] org.apache.catalina.startup.HostConfig.deployDirectory Deploying web application directory [/Users/LinkRay/tomcat8/webapps/host-manager]
04-Oct-2018 18:01:41.981 信息 [localhost-startStop-1] org.apache.catalina.startup.HostConfig.deployDirectory Deployment of web application directory [/Users/LinkRay/tomcat8/webapps/host-manager] has finished in [42] ms
04-Oct-2018 18:01:41.981 信息 [localhost-startStop-1] org.apache.catalina.startup.HostConfig.deployDirectory Deploying web application directory [/Users/LinkRay/tomcat8/webapps/manager]
04-Oct-2018 18:01:42.013 信息 [localhost-startStop-1] org.apache.catalina.startup.HostConfig.deployDirectory Deployment of web application directory [/Users/LinkRay/tomcat8/webapps/manager] has finished in [32] ms
04-Oct-2018 18:01:42.014 信息 [localhost-startStop-1] org.apache.catalina.startup.HostConfig.deployDirectory Deploying web application directory [/Users/LinkRay/tomcat8/webapps/ROOT]
04-Oct-2018 18:01:42.044 信息 [localhost-startStop-1] org.apache.catalina.startup.HostConfig.deployDirectory Deployment of web application directory [/Users/LinkRay/tomcat8/webapps/ROOT] has finished in [29] ms
04-Oct-2018 18:01:42.051 信息 [main] org.apache.coyote.AbstractProtocol.start Starting ProtocolHandler ["http-nio-8080"]
04-Oct-2018 18:01:42.068 信息 [main] org.apache.coyote.AbstractProtocol.start Starting ProtocolHandler ["ajp-nio-8009"]
04-Oct-2018 18:01:42.070 信息 [main] org.apache.catalina.startup.Catalina.start Server startup in 2203 ms
04-Oct-2018 18:01:46.683 信息 [main] org.apache.catalina.core.StandardServer.await A valid shutdown command was received via the shutdown port. Stopping the Server instance.
04-Oct-2018 18:01:46.686 信息 [main] org.apache.coyote.AbstractProtocol.pause Pausing ProtocolHandler ["http-nio-8080"]
04-Oct-2018 18:01:46.745 信息 [main] org.apache.coyote.AbstractProtocol.pause Pausing ProtocolHandler ["ajp-nio-8009"]
04-Oct-2018 18:01:46.802 信息 [main] org.apache.catalina.core.StandardService.stopInternal Stopping service [Catalina]
04-Oct-2018 18:01:46.874 信息 [main] org.apache.coyote.AbstractProtocol.stop Stopping ProtocolHandler ["http-nio-8080"]
04-Oct-2018 18:01:46.882 信息 [main] org.apache.coyote.AbstractProtocol.stop Stopping ProtocolHandler ["ajp-nio-8009"]
04-Oct-2018 18:01:46.886 信息 [main] org.apache.coyote.AbstractProtocol.destroy Destroying ProtocolHandler ["http-nio-8080"]
04-Oct-2018 18:01:46.886 信息 [main] org.apache.coyote.AbstractProtocol.destroy Destroying ProtocolHandler ["ajp-nio-8009"]
04-Oct-2018 22:30:27.949 信息 [main] org.apache.catalina.startup.VersionLoggerListener.log Server version:        Apache Tomcat/8.5.34
04-Oct-2018 22:30:27.962 信息 [main] org.apache.catalina.startup.VersionLoggerListener.log Server built:          Sep 4 2018 22:28:22 UTC
04-Oct-2018 22:30:27.963 信息 [main] org.apache.catalina.startup.VersionLoggerListener.log Server number:         8.5.34.0
04-Oct-2018 22:30:27.963 信息 [main] org.apache.catalina.startup.VersionLoggerListener.log OS Name:               Mac OS X
04-Oct-2018 22:30:27.963 信息 [main] org.apache.catalina.startup.VersionLoggerListener.log OS Version:            10.12.6
04-Oct-2018 22:30:27.963 信息 [main] org.apache.catalina.startup.VersionLoggerListener.log Architecture:          x86_64
04-Oct-2018 22:30:27.963 信息 [main] org.apache.catalina.startup.VersionLoggerListener.log Java Home:             /Library/Java/JavaVirtualMachines/jdk1.8.0_141.jdk/Contents/Home/jre
04-Oct-2018 22:30:27.963 信息 [main] org.apache.catalina.startup.VersionLoggerListener.log JVM Version:           1.8.0_141-b15
04-Oct-2018 22:30:27.964 信息 [main] org.apache.catalina.startup.VersionLoggerListener.log JVM Vendor:            Oracle Corporation
04-Oct-2018 22:30:27.964 信息 [main] org.apache.catalina.startup.VersionLoggerListener.log CATALINA_BASE:         /Users/LinkRay/tomcat8
04-Oct-2018 22:30:27.964 信息 [main] org.apache.catalina.startup.VersionLoggerListener.log CATALINA_HOME:         /Users/LinkRay/tomcat8
04-Oct-2018 22:30:27.965 信息 [main] org.apache.catalina.startup.VersionLoggerListener.log Command line argument: -Djava.util.logging.config.file=/Users/LinkRay/tomcat8/conf/logging.properties
04-Oct-2018 22:30:27.965 信息 [main] org.apache.catalina.startup.VersionLoggerListener.log Command line argument: -Djava.util.logging.manager=org.apache.juli.ClassLoaderLogManager
04-Oct-2018 22:30:27.965 信息 [main] org.apache.catalina.startup.VersionLoggerListener.log Command line argument: -Djdk.tls.ephemeralDHKeySize=2048
04-Oct-2018 22:30:27.965 信息 [main] org.apache.catalina.startup.VersionLoggerListener.log Command line argument: -Djava.protocol.handler.pkgs=org.apache.catalina.webresources
04-Oct-2018 22:30:27.965 信息 [main] org.apache.catalina.startup.VersionLoggerListener.log Command line argument: -Dorg.apache.catalina.security.SecurityListener.UMASK=0027
04-Oct-2018 22:30:27.966 信息 [main] org.apache.catalina.startup.VersionLoggerListener.log Command line argument: -Dignore.endorsed.dirs=
04-Oct-2018 22:30:27.966 信息 [main] org.apache.catalina.startup.VersionLoggerListener.log Command line argument: -Dcatalina.base=/Users/LinkRay/tomcat8
04-Oct-2018 22:30:27.966 信息 [main] org.apache.catalina.startup.VersionLoggerListener.log Command line argument: -Dcatalina.home=/Users/LinkRay/tomcat8
04-Oct-2018 22:30:27.966 信息 [main] org.apache.catalina.startup.VersionLoggerListener.log Command line argument: -Djava.io.tmpdir=/Users/LinkRay/tomcat8/temp
04-Oct-2018 22:30:27.966 信息 [main] org.apache.catalina.core.AprLifecycleListener.lifecycleEvent The APR based Apache Tomcat Native library which allows optimal performance in production environments was not found on the java.library.path: [/Users/LinkRay/Library/Java/Extensions:/Library/Java/Extensions:/Network/Library/Java/Extensions:/System/Library/Java/Extensions:/usr/lib/java:.]
04-Oct-2018 22:30:28.707 信息 [main] org.apache.coyote.AbstractProtocol.init Initializing ProtocolHandler ["http-nio-8080"]
04-Oct-2018 22:30:28.838 信息 [main] org.apache.tomcat.util.net.NioSelectorPool.getSharedSelector Using a shared selector for servlet write/read
04-Oct-2018 22:30:28.876 信息 [main] org.apache.coyote.AbstractProtocol.init Initializing ProtocolHandler ["ajp-nio-8009"]
04-Oct-2018 22:30:28.879 信息 [main] org.apache.tomcat.util.net.NioSelectorPool.getSharedSelector Using a shared selector for servlet write/read
04-Oct-2018 22:30:28.879 信息 [main] org.apache.catalina.startup.Catalina.load Initialization processed in 2449 ms
04-Oct-2018 22:30:28.967 信息 [main] org.apache.catalina.core.StandardService.startInternal Starting service [Catalina]
04-Oct-2018 22:30:28.967 信息 [main] org.apache.catalina.core.StandardEngine.startInternal Starting Servlet Engine: Apache Tomcat/8.5.34
04-Oct-2018 22:30:28.992 信息 [localhost-startStop-1] org.apache.catalina.startup.HostConfig.deployDirectory Deploying web application directory [/Users/LinkRay/tomcat8/webapps/docs]
04-Oct-2018 22:30:30.190 信息 [localhost-startStop-1] org.apache.catalina.startup.HostConfig.deployDirectory Deployment of web application directory [/Users/LinkRay/tomcat8/webapps/docs] has finished in [1,197] ms
04-Oct-2018 22:30:30.195 信息 [localhost-startStop-1] org.apache.catalina.startup.HostConfig.deployDirectory Deploying web application directory [/Users/LinkRay/tomcat8/webapps/examples]
04-Oct-2018 22:30:31.190 信息 [localhost-startStop-1] org.apache.catalina.startup.HostConfig.deployDirectory Deployment of web application directory [/Users/LinkRay/tomcat8/webapps/examples] has finished in [996] ms
04-Oct-2018 22:30:31.192 信息 [localhost-startStop-1] org.apache.catalina.startup.HostConfig.deployDirectory Deploying web application directory [/Users/LinkRay/tomcat8/webapps/host-manager]
04-Oct-2018 22:30:31.302 信息 [localhost-startStop-1] org.apache.catalina.startup.HostConfig.deployDirectory Deployment of web application directory [/Users/LinkRay/tomcat8/webapps/host-manager] has finished in [110] ms
04-Oct-2018 22:30:31.302 信息 [localhost-startStop-1] org.apache.catalina.startup.HostConfig.deployDirectory Deploying web application directory [/Users/LinkRay/tomcat8/webapps/manager]
04-Oct-2018 22:30:31.335 信息 [localhost-startStop-1] org.apache.catalina.startup.HostConfig.deployDirectory Deployment of web application directory [/Users/LinkRay/tomcat8/webapps/manager] has finished in [33] ms
04-Oct-2018 22:30:31.337 信息 [localhost-startStop-1] org.apache.catalina.startup.HostConfig.deployDirectory Deploying web application directory [/Users/LinkRay/tomcat8/webapps/ROOT]
04-Oct-2018 22:30:31.364 信息 [localhost-startStop-1] org.apache.catalina.startup.HostConfig.deployDirectory Deployment of web application directory [/Users/LinkRay/tomcat8/webapps/ROOT] has finished in [27] ms
04-Oct-2018 22:30:31.374 信息 [main] org.apache.coyote.AbstractProtocol.start Starting ProtocolHandler ["http-nio-8080"]
04-Oct-2018 22:30:31.391 信息 [main] org.apache.coyote.AbstractProtocol.start Starting ProtocolHandler ["ajp-nio-8009"]
04-Oct-2018 22:30:31.396 信息 [main] org.apache.catalina.startup.Catalina.start Server startup in 2516 ms
04-Oct-2018 22:38:21.986 警告 [main] org.apache.catalina.core.StandardServer.await StandardServer.await: Invalid command '' received
04-Oct-2018 22:38:46.892 警告 [main] org.apache.catalina.core.StandardServer.await StandardServer.await: Invalid command '' received
04-Oct-2018 22:39:10.586 信息 [main] org.apache.catalina.core.StandardServer.await A valid shutdown command was received via the shutdown port. Stopping the Server instance.
04-Oct-2018 22:39:10.596 信息 [main] org.apache.coyote.AbstractProtocol.pause Pausing ProtocolHandler ["http-nio-8080"]
04-Oct-2018 22:39:10.669 信息 [main] org.apache.coyote.AbstractProtocol.pause Pausing ProtocolHandler ["ajp-nio-8009"]
04-Oct-2018 22:39:10.724 信息 [main] org.apache.catalina.core.StandardService.stopInternal Stopping service [Catalina]
04-Oct-2018 22:39:10.832 信息 [main] org.apache.coyote.AbstractProtocol.stop Stopping ProtocolHandler ["http-nio-8080"]
04-Oct-2018 22:39:10.837 信息 [main] org.apache.coyote.AbstractProtocol.stop Stopping ProtocolHandler ["ajp-nio-8009"]
04-Oct-2018 22:39:10.840 信息 [main] org.apache.coyote.AbstractProtocol.destroy Destroying ProtocolHandler ["http-nio-8080"]
04-Oct-2018 22:39:10.841 信息 [main] org.apache.coyote.AbstractProtocol.destroy Destroying ProtocolHandler ["ajp-nio-8009"]
04-Oct-2018 22:39:13.498 信息 [main] org.apache.catalina.startup.VersionLoggerListener.log Server version:        Apache Tomcat/8.5.34
04-Oct-2018 22:39:13.504 信息 [main] org.apache.catalina.startup.VersionLoggerListener.log Server built:          Sep 4 2018 22:28:22 UTC
04-Oct-2018 22:39:13.504 信息 [main] org.apache.catalina.startup.VersionLoggerListener.log Server number:         8.5.34.0
04-Oct-2018 22:39:13.504 信息 [main] org.apache.catalina.startup.VersionLoggerListener.log OS Name:               Mac OS X
04-Oct-2018 22:39:13.505 信息 [main] org.apache.catalina.startup.VersionLoggerListener.log OS Version:            10.12.6
04-Oct-2018 22:39:13.505 信息 [main] org.apache.catalina.startup.VersionLoggerListener.log Architecture:          x86_64
04-Oct-2018 22:39:13.505 信息 [main] org.apache.catalina.startup.VersionLoggerListener.log Java Home:             /Library/Java/JavaVirtualMachines/jdk1.8.0_141.jdk/Contents/Home/jre
04-Oct-2018 22:39:13.506 信息 [main] org.apache.catalina.startup.VersionLoggerListener.log JVM Version:           1.8.0_141-b15
04-Oct-2018 22:39:13.506 信息 [main] org.apache.catalina.startup.VersionLoggerListener.log JVM Vendor:            Oracle Corporation
04-Oct-2018 22:39:13.506 信息 [main] org.apache.catalina.startup.VersionLoggerListener.log CATALINA_BASE:         /Users/LinkRay/tomcat8
04-Oct-2018 22:39:13.506 信息 [main] org.apache.catalina.startup.VersionLoggerListener.log CATALINA_HOME:         /Users/LinkRay/tomcat8
04-Oct-2018 22:39:13.507 信息 [main] org.apache.catalina.startup.VersionLoggerListener.log Command line argument: -Djava.util.logging.config.file=/Users/LinkRay/tomcat8/conf/logging.properties
04-Oct-2018 22:39:13.507 信息 [main] org.apache.catalina.startup.VersionLoggerListener.log Command line argument: -Djava.util.logging.manager=org.apache.juli.ClassLoaderLogManager
04-Oct-2018 22:39:13.507 信息 [main] org.apache.catalina.startup.VersionLoggerListener.log Command line argument: -Djdk.tls.ephemeralDHKeySize=2048
04-Oct-2018 22:39:13.508 信息 [main] org.apache.catalina.startup.VersionLoggerListener.log Command line argument: -Djava.protocol.handler.pkgs=org.apache.catalina.webresources
04-Oct-2018 22:39:13.508 信息 [main] org.apache.catalina.startup.VersionLoggerListener.log Command line argument: -Dorg.apache.catalina.security.SecurityListener.UMASK=0027
04-Oct-2018 22:39:13.508 信息 [main] org.apache.catalina.startup.VersionLoggerListener.log Command line argument: -Dignore.endorsed.dirs=
04-Oct-2018 22:39:13.508 信息 [main] org.apache.catalina.startup.VersionLoggerListener.log Command line argument: -Dcatalina.base=/Users/LinkRay/tomcat8
04-Oct-2018 22:39:13.508 信息 [main] org.apache.catalina.startup.VersionLoggerListener.log Command line argument: -Dcatalina.home=/Users/LinkRay/tomcat8
04-Oct-2018 22:39:13.508 信息 [main] org.apache.catalina.startup.VersionLoggerListener.log Command line argument: -Djava.io.tmpdir=/Users/LinkRay/tomcat8/temp
04-Oct-2018 22:39:13.509 信息 [main] org.apache.catalina.core.AprLifecycleListener.lifecycleEvent The APR based Apache Tomcat Native library which allows optimal performance in production environments was not found on the java.library.path: [/Users/LinkRay/Library/Java/Extensions:/Library/Java/Extensions:/Network/Library/Java/Extensions:/System/Library/Java/Extensions:/usr/lib/java:.]
04-Oct-2018 22:39:13.762 信息 [main] org.apache.coyote.AbstractProtocol.init Initializing ProtocolHandler ["http-nio-8080"]
04-Oct-2018 22:39:13.813 信息 [main] org.apache.tomcat.util.net.NioSelectorPool.getSharedSelector Using a shared selector for servlet write/read
04-Oct-2018 22:39:13.838 信息 [main] org.apache.coyote.AbstractProtocol.init Initializing ProtocolHandler ["ajp-nio-8009"]
04-Oct-2018 22:39:13.840 信息 [main] org.apache.tomcat.util.net.NioSelectorPool.getSharedSelector Using a shared selector for servlet write/read
04-Oct-2018 22:39:13.842 信息 [main] org.apache.catalina.startup.Catalina.load Initialization processed in 894 ms
04-Oct-2018 22:39:13.903 信息 [main] org.apache.catalina.core.StandardService.startInternal Starting service [Catalina]
04-Oct-2018 22:39:13.904 信息 [main] org.apache.catalina.core.StandardEngine.startInternal Starting Servlet Engine: Apache Tomcat/8.5.34
04-Oct-2018 22:39:13.915 信息 [localhost-startStop-1] org.apache.catalina.startup.HostConfig.deployDirectory Deploying web application directory [/Users/LinkRay/tomcat8/webapps/docs]
04-Oct-2018 22:39:14.388 信息 [localhost-startStop-1] org.apache.catalina.startup.HostConfig.deployDirectory Deployment of web application directory [/Users/LinkRay/tomcat8/webapps/docs] has finished in [474] ms
04-Oct-2018 22:39:14.389 信息 [localhost-startStop-1] org.apache.catalina.startup.HostConfig.deployDirectory Deploying web application directory [/Users/LinkRay/tomcat8/webapps/examples]
04-Oct-2018 22:39:15.245 信息 [localhost-startStop-1] org.apache.catalina.startup.HostConfig.deployDirectory Deployment of web application directory [/Users/LinkRay/tomcat8/webapps/examples] has finished in [855] ms
04-Oct-2018 22:39:15.245 信息 [localhost-startStop-1] org.apache.catalina.startup.HostConfig.deployDirectory Deploying web application directory [/Users/LinkRay/tomcat8/webapps/host-manager]
04-Oct-2018 22:39:15.324 信息 [localhost-startStop-1] org.apache.catalina.startup.HostConfig.deployDirectory Deployment of web application directory [/Users/LinkRay/tomcat8/webapps/host-manager] has finished in [79] ms
04-Oct-2018 22:39:15.325 信息 [localhost-startStop-1] org.apache.catalina.startup.HostConfig.deployDirectory Deploying web application directory [/Users/LinkRay/tomcat8/webapps/manager]
04-Oct-2018 22:39:15.360 信息 [localhost-startStop-1] org.apache.catalina.startup.HostConfig.deployDirectory Deployment of web application directory [/Users/LinkRay/tomcat8/webapps/manager] has finished in [34] ms
04-Oct-2018 22:39:15.360 信息 [localhost-startStop-1] org.apache.catalina.startup.HostConfig.deployDirectory Deploying web application directory [/Users/LinkRay/tomcat8/webapps/ROOT]
04-Oct-2018 22:39:15.389 信息 [localhost-startStop-1] org.apache.catalina.startup.HostConfig.deployDirectory Deployment of web application directory [/Users/LinkRay/tomcat8/webapps/ROOT] has finished in [28] ms
04-Oct-2018 22:39:15.394 信息 [main] org.apache.coyote.AbstractProtocol.start Starting ProtocolHandler ["http-nio-8080"]
04-Oct-2018 22:39:15.405 信息 [main] org.apache.coyote.AbstractProtocol.start Starting ProtocolHandler ["ajp-nio-8009"]
04-Oct-2018 22:39:15.408 信息 [main] org.apache.catalina.startup.Catalina.start Server startup in 1565 ms
04-Oct-2018 22:39:26.380 警告 [main] org.apache.catalina.core.StandardServer.await StandardServer.await: Invalid command '' received
04-Oct-2018 22:39:50.624 警告 [main] org.apache.catalina.core.StandardServer.await StandardServer.await: Invalid command '' received
04-Oct-2018 22:48:57.480 警告 [main] org.apache.catalina.core.StandardServer.await StandardServer.await: Invalid command '' received
04-Oct-2018 22:52:01.839 警告 [main] org.apache.catalina.core.StandardServer.await StandardServer.await: Invalid command '' received
04-Oct-2018 22:53:45.254 警告 [main] org.apache.catalina.core.StandardServer.await StandardServer.await: Invalid command '' received
04-Oct-2018 22:55:03.192 警告 [main] org.apache.catalina.core.StandardServer.await StandardServer.await: Invalid command '' received
04-Oct-2018 22:57:02.704 警告 [main] org.apache.catalina.core.StandardServer.await StandardServer.await: Invalid command '' received
05-Oct-2018 09:17:58.521 警告 [main] org.apache.catalina.core.StandardServer.await StandardServer.await: Invalid command '' received
05-Oct-2018 09:18:42.098 警告 [main] org.apache.catalina.core.StandardServer.await StandardServer.await: Invalid command '' received
05-Oct-2018 09:21:32.523 警告 [main] org.apache.catalina.core.StandardServer.await StandardServer.await: Invalid command '' received
05-Oct-2018 09:22:10.428 警告 [main] org.apache.catalina.core.StandardServer.await StandardServer.await: Invalid command '' received
05-Oct-2018 09:23:25.953 警告 [main] org.apache.catalina.core.StandardServer.await StandardServer.await: Invalid command '' received
05-Oct-2018 09:25:07.053 警告 [main] org.apache.catalina.core.StandardServer.await StandardServer.await: Invalid command '' received
05-Oct-2018 09:26:13.442 警告 [main] org.apache.catalina.core.StandardServer.await StandardServer.await: Invalid command '' received
05-Oct-2018 09:29:07.209 警告 [main] org.apache.catalina.core.StandardServer.await StandardServer.await: Invalid command '' received
05-Oct-2018 09:29:35.018 警告 [main] org.apache.catalina.core.StandardServer.await StandardServer.await: Invalid command '' received
05-Oct-2018 09:31:15.591 警告 [main] org.apache.catalina.core.StandardServer.await StandardServer.await: Invalid command '' received
05-Oct-2018 09:31:50.705 警告 [main] org.apache.catalina.core.StandardServer.await StandardServer.await: Invalid command '' received
05-Oct-2018 09:34:38.228 警告 [main] org.apache.catalina.core.StandardServer.await StandardServer.await: Invalid command '' received
05-Oct-2018 09:35:52.626 警告 [main] org.apache.catalina.core.StandardServer.await StandardServer.await: Invalid command '' received
05-Oct-2018 09:37:44.658 警告 [main] org.apache.catalina.core.StandardServer.await StandardServer.await: Invalid command '' received
05-Oct-2018 09:39:14.390 警告 [main] org.apache.catalina.core.StandardServer.await StandardServer.await: Invalid command '' received
05-Oct-2018 09:46:10.402 警告 [main] org.apache.catalina.core.StandardServer.await StandardServer.await: Invalid command '' received
05-Oct-2018 09:47:20.776 警告 [main] org.apache.catalina.core.StandardServer.await StandardServer.await: Invalid command '' received
05-Oct-2018 09:48:37.155 警告 [main] org.apache.catalina.core.StandardServer.await StandardServer.await: Invalid command '' received
05-Oct-2018 09:49:31.273 警告 [main] org.apache.catalina.core.StandardServer.await StandardServer.await: Invalid command '' received
05-Oct-2018 09:53:12.846 警告 [main] org.apache.catalina.core.StandardServer.await StandardServer.await: Invalid command '' received
05-Oct-2018 09:55:51.815 警告 [main] org.apache.catalina.core.StandardServer.await StandardServer.await: Invalid command '' received
05-Oct-2018 10:15:50.352 警告 [main] org.apache.catalina.core.StandardServer.await StandardServer.await: Invalid command '' received
05-Oct-2018 10:17:04.502 警告 [main] org.apache.catalina.core.StandardServer.await StandardServer.await: Invalid command '' received
05-Oct-2018 10:41:29.215 警告 [main] org.apache.catalina.core.StandardServer.await StandardServer.await: Invalid command '' received
05-Oct-2018 10:44:07.825 警告 [main] org.apache.catalina.core.StandardServer.await StandardServer.await: Invalid command '' received
05-Oct-2018 10:44:38.172 警告 [main] org.apache.catalina.core.StandardServer.await StandardServer.await: Invalid command '' received
05-Oct-2018 10:45:11.911 警告 [main] org.apache.catalina.core.StandardServer.await StandardServer.await: Invalid command '' received
05-Oct-2018 10:47:35.534 警告 [main] org.apache.catalina.core.StandardServer.await StandardServer.await: Invalid command '' received
05-Oct-2018 10:59:32.398 警告 [main] org.apache.catalina.core.StandardServer.await StandardServer.await: Invalid command '' received
05-Oct-2018 11:01:05.095 警告 [main] org.apache.catalina.core.StandardServer.await StandardServer.await: Invalid command '' received
05-Oct-2018 11:32:45.077 警告 [main] org.apache.catalina.core.StandardServer.await StandardServer.await: Invalid command '' received
05-Oct-2018 11:37:35.015 警告 [main] org.apache.catalina.core.StandardServer.await StandardServer.await: Invalid command '' received
05-Oct-2018 11:38:10.668 警告 [main] org.apache.catalina.core.StandardServer.await StandardServer.await: Invalid command '' received
05-Oct-2018 11:38:57.346 警告 [main] org.apache.catalina.core.StandardServer.await StandardServer.await: Invalid command '' received
06-Oct-2018 11:22:40.564 警告 [main] org.apache.catalina.core.StandardServer.await StandardServer.await: Invalid command '' received
06-Oct-2018 11:24:37.117 警告 [main] org.apache.catalina.core.StandardServer.await StandardServer.await: Invalid command '' received
06-Oct-2018 11:27:00.579 警告 [main] org.apache.catalina.core.StandardServer.await StandardServer.await: Invalid command '' received
06-Oct-2018 11:29:32.117 警告 [main] org.apache.catalina.core.StandardServer.await StandardServer.await: Invalid command '' received
06-Oct-2018 11:30:37.124 警告 [main] org.apache.catalina.core.StandardServer.await StandardServer.await: Invalid command '' received
06-Oct-2018 11:31:31.860 信息 [main] org.apache.catalina.startup.VersionLoggerListener.log Server version:        Apache Tomcat/8.5.34
06-Oct-2018 11:31:31.867 信息 [main] org.apache.catalina.startup.VersionLoggerListener.log Server built:          Sep 4 2018 22:28:22 UTC
06-Oct-2018 11:31:31.867 信息 [main] org.apache.catalina.startup.VersionLoggerListener.log Server number:         8.5.34.0
06-Oct-2018 11:31:31.867 信息 [main] org.apache.catalina.startup.VersionLoggerListener.log OS Name:               Mac OS X
06-Oct-2018 11:31:31.867 信息 [main] org.apache.catalina.startup.VersionLoggerListener.log OS Version:            10.12.6
06-Oct-2018 11:31:31.867 信息 [main] org.apache.catalina.startup.VersionLoggerListener.log Architecture:          x86_64
06-Oct-2018 11:31:31.867 信息 [main] org.apache.catalina.startup.VersionLoggerListener.log Java Home:             /Library/Java/JavaVirtualMachines/jdk1.8.0_141.jdk/Contents/Home/jre
06-Oct-2018 11:31:31.868 信息 [main] org.apache.catalina.startup.VersionLoggerListener.log JVM Version:           1.8.0_141-b15
06-Oct-2018 11:31:31.868 信息 [main] org.apache.catalina.startup.VersionLoggerListener.log JVM Vendor:            Oracle Corporation
06-Oct-2018 11:31:31.868 信息 [main] org.apache.catalina.startup.VersionLoggerListener.log CATALINA_BASE:         /Users/LinkRay/tomcat8
06-Oct-2018 11:31:31.868 信息 [main] org.apache.catalina.startup.VersionLoggerListener.log CATALINA_HOME:         /Users/LinkRay/tomcat8
06-Oct-2018 11:31:31.868 信息 [main] org.apache.catalina.startup.VersionLoggerListener.log Command line argument: -Djava.util.logging.config.file=/Users/LinkRay/tomcat8/conf/logging.properties
06-Oct-2018 11:31:31.869 信息 [main] org.apache.catalina.startup.VersionLoggerListener.log Command line argument: -Djava.util.logging.manager=org.apache.juli.ClassLoaderLogManager
06-Oct-2018 11:31:31.869 信息 [main] org.apache.catalina.startup.VersionLoggerListener.log Command line argument: -Djdk.tls.ephemeralDHKeySize=2048
06-Oct-2018 11:31:31.869 信息 [main] org.apache.catalina.startup.VersionLoggerListener.log Command line argument: -Djava.protocol.handler.pkgs=org.apache.catalina.webresources
06-Oct-2018 11:31:31.869 信息 [main] org.apache.catalina.startup.VersionLoggerListener.log Command line argument: -Dorg.apache.catalina.security.SecurityListener.UMASK=0027
06-Oct-2018 11:31:31.869 信息 [main] org.apache.catalina.startup.VersionLoggerListener.log Command line argument: -Dignore.endorsed.dirs=
06-Oct-2018 11:31:31.869 信息 [main] org.apache.catalina.startup.VersionLoggerListener.log Command line argument: -Dcatalina.base=/Users/LinkRay/tomcat8
06-Oct-2018 11:31:31.869 信息 [main] org.apache.catalina.startup.VersionLoggerListener.log Command line argument: -Dcatalina.home=/Users/LinkRay/tomcat8
06-Oct-2018 11:31:31.869 信息 [main] org.apache.catalina.startup.VersionLoggerListener.log Command line argument: -Djava.io.tmpdir=/Users/LinkRay/tomcat8/temp
06-Oct-2018 11:31:31.870 信息 [main] org.apache.catalina.core.AprLifecycleListener.lifecycleEvent The APR based Apache Tomcat Native library which allows optimal performance in production environments was not found on the java.library.path: [/Users/LinkRay/Library/Java/Extensions:/Library/Java/Extensions:/Network/Library/Java/Extensions:/System/Library/Java/Extensions:/usr/lib/java:.]
06-Oct-2018 11:31:32.046 信息 [main] org.apache.coyote.AbstractProtocol.init Initializing ProtocolHandler ["http-nio-8080"]
06-Oct-2018 11:31:32.071 严重 [main] org.apache.catalina.core.StandardService.initInternal Failed to initialize connector [Connector[HTTP/1.1-8080]]
 org.apache.catalina.LifecycleException: Failed to initialize component [Connector[HTTP/1.1-8080]]
	at org.apache.catalina.util.LifecycleBase.init(LifecycleBase.java:112)
	at org.apache.catalina.core.StandardService.initInternal(StandardService.java:552)
	at org.apache.catalina.util.LifecycleBase.init(LifecycleBase.java:107)
	at org.apache.catalina.core.StandardServer.initInternal(StandardServer.java:875)
	at org.apache.catalina.util.LifecycleBase.init(LifecycleBase.java:107)
	at org.apache.catalina.startup.Catalina.load(Catalina.java:632)
	at org.apache.catalina.startup.Catalina.load(Catalina.java:655)
	at sun.reflect.NativeMethodAccessorImpl.invoke0(Native Method)
	at sun.reflect.NativeMethodAccessorImpl.invoke(NativeMethodAccessorImpl.java:62)
	at sun.reflect.DelegatingMethodAccessorImpl.invoke(DelegatingMethodAccessorImpl.java:43)
	at java.lang.reflect.Method.invoke(Method.java:498)
	at org.apache.catalina.startup.Bootstrap.load(Bootstrap.java:309)
	at org.apache.catalina.startup.Bootstrap.main(Bootstrap.java:492)
Caused by: org.apache.catalina.LifecycleException: Protocol handler initialization failed
	at org.apache.catalina.connector.Connector.initInternal(Connector.java:995)
	at org.apache.catalina.util.LifecycleBase.init(LifecycleBase.java:107)
	... 12 more
Caused by: java.net.BindException: Address already in use
	at sun.nio.ch.Net.bind0(Native Method)
	at sun.nio.ch.Net.bind(Net.java:433)
	at sun.nio.ch.Net.bind(Net.java:425)
	at sun.nio.ch.ServerSocketChannelImpl.bind(ServerSocketChannelImpl.java:223)
	at sun.nio.ch.ServerSocketAdaptor.bind(ServerSocketAdaptor.java:74)
	at org.apache.tomcat.util.net.NioEndpoint.bind(NioEndpoint.java:219)
	at org.apache.tomcat.util.net.AbstractEndpoint.init(AbstractEndpoint.java:1087)
	at org.apache.tomcat.util.net.AbstractJsseEndpoint.init(AbstractJsseEndpoint.java:265)
	at org.apache.coyote.AbstractProtocol.init(AbstractProtocol.java:581)
	at org.apache.coyote.http11.AbstractHttp11Protocol.init(AbstractHttp11Protocol.java:68)
	at org.apache.catalina.connector.Connector.initInternal(Connector.java:993)
	... 13 more

06-Oct-2018 11:31:32.073 信息 [main] org.apache.coyote.AbstractProtocol.init Initializing ProtocolHandler ["ajp-nio-8009"]
06-Oct-2018 11:31:32.075 严重 [main] org.apache.catalina.core.StandardService.initInternal Failed to initialize connector [Connector[AJP/1.3-8009]]
 org.apache.catalina.LifecycleException: Failed to initialize component [Connector[AJP/1.3-8009]]
	at org.apache.catalina.util.LifecycleBase.init(LifecycleBase.java:112)
	at org.apache.catalina.core.StandardService.initInternal(StandardService.java:552)
	at org.apache.catalina.util.LifecycleBase.init(LifecycleBase.java:107)
	at org.apache.catalina.core.StandardServer.initInternal(StandardServer.java:875)
	at org.apache.catalina.util.LifecycleBase.init(LifecycleBase.java:107)
	at org.apache.catalina.startup.Catalina.load(Catalina.java:632)
	at org.apache.catalina.startup.Catalina.load(Catalina.java:655)
	at sun.reflect.NativeMethodAccessorImpl.invoke0(Native Method)
	at sun.reflect.NativeMethodAccessorImpl.invoke(NativeMethodAccessorImpl.java:62)
	at sun.reflect.DelegatingMethodAccessorImpl.invoke(DelegatingMethodAccessorImpl.java:43)
	at java.lang.reflect.Method.invoke(Method.java:498)
	at org.apache.catalina.startup.Bootstrap.load(Bootstrap.java:309)
	at org.apache.catalina.startup.Bootstrap.main(Bootstrap.java:492)
Caused by: org.apache.catalina.LifecycleException: Protocol handler initialization failed
	at org.apache.catalina.connector.Connector.initInternal(Connector.java:995)
	at org.apache.catalina.util.LifecycleBase.init(LifecycleBase.java:107)
	... 12 more
Caused by: java.net.BindException: Address already in use
	at sun.nio.ch.Net.bind0(Native Method)
	at sun.nio.ch.Net.bind(Net.java:433)
	at sun.nio.ch.Net.bind(Net.java:425)
	at sun.nio.ch.ServerSocketChannelImpl.bind(ServerSocketChannelImpl.java:223)
	at sun.nio.ch.ServerSocketAdaptor.bind(ServerSocketAdaptor.java:74)
	at org.apache.tomcat.util.net.NioEndpoint.bind(NioEndpoint.java:219)
	at org.apache.tomcat.util.net.AbstractEndpoint.init(AbstractEndpoint.java:1087)
	at org.apache.tomcat.util.net.AbstractJsseEndpoint.init(AbstractJsseEndpoint.java:265)
	at org.apache.coyote.AbstractProtocol.init(AbstractProtocol.java:581)
	at org.apache.catalina.connector.Connector.initInternal(Connector.java:993)
	... 13 more

06-Oct-2018 11:31:32.076 信息 [main] org.apache.catalina.startup.Catalina.load Initialization processed in 750 ms
06-Oct-2018 11:31:32.119 信息 [main] org.apache.catalina.core.StandardService.startInternal Starting service [Catalina]
06-Oct-2018 11:31:32.123 信息 [main] org.apache.catalina.core.StandardEngine.startInternal Starting Servlet Engine: Apache Tomcat/8.5.34
06-Oct-2018 11:31:32.137 信息 [localhost-startStop-1] org.apache.catalina.startup.HostConfig.deployDirectory Deploying web application directory [/Users/LinkRay/tomcat8/webapps/docs]
06-Oct-2018 11:31:32.546 信息 [localhost-startStop-1] org.apache.catalina.startup.HostConfig.deployDirectory Deployment of web application directory [/Users/LinkRay/tomcat8/webapps/docs] has finished in [408] ms
06-Oct-2018 11:31:32.549 信息 [localhost-startStop-1] org.apache.catalina.startup.HostConfig.deployDirectory Deploying web application directory [/Users/LinkRay/tomcat8/webapps/examples]
06-Oct-2018 11:31:33.254 信息 [localhost-startStop-1] org.apache.catalina.startup.HostConfig.deployDirectory Deployment of web application directory [/Users/LinkRay/tomcat8/webapps/examples] has finished in [704] ms
06-Oct-2018 11:31:33.254 信息 [localhost-startStop-1] org.apache.catalina.startup.HostConfig.deployDirectory Deploying web application directory [/Users/LinkRay/tomcat8/webapps/host-manager]
06-Oct-2018 11:31:33.389 信息 [localhost-startStop-1] org.apache.catalina.startup.HostConfig.deployDirectory Deployment of web application directory [/Users/LinkRay/tomcat8/webapps/host-manager] has finished in [135] ms
06-Oct-2018 11:31:33.390 信息 [localhost-startStop-1] org.apache.catalina.startup.HostConfig.deployDirectory Deploying web application directory [/Users/LinkRay/tomcat8/webapps/manager]
06-Oct-2018 11:31:33.449 信息 [localhost-startStop-1] org.apache.catalina.startup.HostConfig.deployDirectory Deployment of web application directory [/Users/LinkRay/tomcat8/webapps/manager] has finished in [59] ms
06-Oct-2018 11:31:33.450 信息 [localhost-startStop-1] org.apache.catalina.startup.HostConfig.deployDirectory Deploying web application directory [/Users/LinkRay/tomcat8/webapps/ROOT]
06-Oct-2018 11:31:33.475 信息 [localhost-startStop-1] org.apache.catalina.startup.HostConfig.deployDirectory Deployment of web application directory [/Users/LinkRay/tomcat8/webapps/ROOT] has finished in [24] ms
06-Oct-2018 11:31:33.479 信息 [main] org.apache.catalina.startup.Catalina.start Server startup in 1402 ms
06-Oct-2018 11:31:33.488 严重 [main] org.apache.catalina.core.StandardServer.await StandardServer.await: create[localhost:8005]: 
 java.net.BindException: Address already in use (Bind failed)
	at java.net.PlainSocketImpl.socketBind(Native Method)
	at java.net.AbstractPlainSocketImpl.bind(AbstractPlainSocketImpl.java:387)
	at java.net.ServerSocket.bind(ServerSocket.java:375)
	at java.net.ServerSocket.<init>(ServerSocket.java:237)
	at org.apache.catalina.core.StandardServer.await(StandardServer.java:440)
	at org.apache.catalina.startup.Catalina.await(Catalina.java:769)
	at org.apache.catalina.startup.Catalina.start(Catalina.java:715)
	at sun.reflect.NativeMethodAccessorImpl.invoke0(Native Method)
	at sun.reflect.NativeMethodAccessorImpl.invoke(NativeMethodAccessorImpl.java:62)
	at sun.reflect.DelegatingMethodAccessorImpl.invoke(DelegatingMethodAccessorImpl.java:43)
	at java.lang.reflect.Method.invoke(Method.java:498)
	at org.apache.catalina.startup.Bootstrap.start(Bootstrap.java:353)
	at org.apache.catalina.startup.Bootstrap.main(Bootstrap.java:493)

06-Oct-2018 11:31:33.489 信息 [main] org.apache.coyote.AbstractProtocol.pause Pausing ProtocolHandler ["http-nio-8080"]
06-Oct-2018 11:31:33.489 信息 [main] org.apache.coyote.AbstractProtocol.pause Pausing ProtocolHandler ["ajp-nio-8009"]
06-Oct-2018 11:31:33.489 信息 [main] org.apache.catalina.core.StandardService.stopInternal Stopping service [Catalina]
06-Oct-2018 11:31:33.517 信息 [main] org.apache.coyote.AbstractProtocol.stop Stopping ProtocolHandler ["http-nio-8080"]
06-Oct-2018 11:31:33.517 信息 [main] org.apache.coyote.AbstractProtocol.destroy Destroying ProtocolHandler ["http-nio-8080"]
06-Oct-2018 11:31:33.518 信息 [main] org.apache.coyote.AbstractProtocol.stop Stopping ProtocolHandler ["ajp-nio-8009"]
06-Oct-2018 11:31:33.518 信息 [main] org.apache.coyote.AbstractProtocol.destroy Destroying ProtocolHandler ["ajp-nio-8009"]
06-Oct-2018 11:31:39.758 警告 [main] org.apache.catalina.core.StandardServer.await StandardServer.await: Invalid command '' received
06-Oct-2018 11:33:19.489 警告 [main] org.apache.catalina.core.StandardServer.await StandardServer.await: Invalid command '' received
06-Oct-2018 11:33:46.606 警告 [main] org.apache.catalina.core.StandardServer.await StandardServer.await: Invalid command '' received
06-Oct-2018 11:35:11.012 警告 [main] org.apache.catalina.core.StandardServer.await StandardServer.await: Invalid command '' received
06-Oct-2018 11:50:07.586 警告 [main] org.apache.catalina.core.StandardServer.await StandardServer.await: Invalid command '' received
06-Oct-2018 11:56:55.503 警告 [main] org.apache.catalina.core.StandardServer.await StandardServer.await: Invalid command '' received
06-Oct-2018 11:58:09.514 警告 [main] org.apache.catalina.core.StandardServer.await StandardServer.await: Invalid command '' received
07-Oct-2018 09:32:06.664 警告 [main] org.apache.catalina.core.StandardServer.await StandardServer.await: Invalid command '' received
10-Oct-2018 20:24:28.882 严重 [ajp-nio-8009-exec-5] org.apache.coyote.ajp.AjpMessage.processHeader Invalid message received with signature [18245]
10-Oct-2018 20:24:28.970 严重 [ajp-nio-8009-exec-6] org.apache.coyote.ajp.AjpMessage.processHeader Invalid message received with signature [0]
16-Oct-2018 08:36:15.651 严重 [ajp-nio-8009-exec-9] org.apache.coyote.ajp.AjpMessage.processHeader Invalid message received with signature [18245]
16-Oct-2018 15:51:49.078 警告 [main] org.apache.catalina.core.StandardServer.await StandardServer.await: Invalid command '' received
16-Oct-2018 15:52:38.908 警告 [main] org.apache.catalina.core.StandardServer.await StandardServer.await: Invalid command '' received
16-Oct-2018 15:53:46.161 警告 [main] org.apache.catalina.core.StandardServer.await StandardServer.await: Invalid command '' received
16-Oct-2018 15:55:57.390 警告 [main] org.apache.catalina.core.StandardServer.await StandardServer.await: Invalid command '' received
16-Oct-2018 16:01:24.776 警告 [main] org.apache.catalina.core.StandardServer.await StandardServer.await: Invalid command '' received
16-Oct-2018 16:02:27.792 警告 [main] org.apache.catalina.core.StandardServer.await StandardServer.await: Invalid command '' received
16-Oct-2018 16:06:59.802 警告 [main] org.apache.catalina.core.StandardServer.await StandardServer.await: Invalid command '' received
16-Oct-2018 16:10:35.111 警告 [main] org.apache.catalina.core.StandardServer.await StandardServer.await: Invalid command '' received
16-Oct-2018 16:13:30.437 警告 [main] org.apache.catalina.core.StandardServer.await StandardServer.await: Invalid command '' received
16-Oct-2018 16:21:20.973 警告 [main] org.apache.catalina.core.StandardServer.await StandardServer.await: Invalid command '' received
16-Oct-2018 16:22:15.184 警告 [main] org.apache.catalina.core.StandardServer.await StandardServer.await: Invalid command '' received
16-Oct-2018 16:24:00.699 警告 [main] org.apache.catalina.core.StandardServer.await StandardServer.await: Invalid command '' received
16-Oct-2018 16:25:05.303 警告 [main] org.apache.catalina.core.StandardServer.await StandardServer.await: Invalid command '' received
16-Oct-2018 17:15:40.809 警告 [main] org.apache.catalina.core.StandardServer.await StandardServer.await: Invalid command '' received
16-Oct-2018 17:16:16.372 警告 [main] org.apache.catalina.core.StandardServer.await StandardServer.await: Invalid command '' received
16-Oct-2018 17:17:13.478 警告 [main] org.apache.catalina.core.StandardServer.await StandardServer.await: Invalid command '' received
16-Oct-2018 17:20:08.963 警告 [main] org.apache.catalina.core.StandardServer.await StandardServer.await: Invalid command '' received
16-Oct-2018 17:52:15.353 警告 [main] org.apache.catalina.core.StandardServer.await StandardServer.await: Invalid command '' received
17-Oct-2018 10:13:56.269 警告 [main] org.apache.catalina.core.StandardServer.await StandardServer.await: Invalid command '' received
17-Oct-2018 11:07:16.410 警告 [main] org.apache.catalina.core.StandardServer.await StandardServer.await: Invalid command '' received
17-Oct-2018 11:09:15.543 警告 [main] org.apache.catalina.core.StandardServer.await StandardServer.await: Invalid command '' received
17-Oct-2018 11:09:32.832 警告 [main] org.apache.catalina.core.StandardServer.await StandardServer.await: Invalid command '' received
18-Oct-2018 11:05:47.048 警告 [main] org.apache.catalina.core.StandardServer.await StandardServer.await: Invalid command '' received
18-Oct-2018 11:27:38.847 警告 [main] org.apache.catalina.core.StandardServer.await StandardServer.await: Invalid command '' received
18-Oct-2018 15:31:27.378 警告 [main] org.apache.catalina.core.StandardServer.await StandardServer.await: Invalid command '' received
18-Oct-2018 15:33:18.965 警告 [main] org.apache.catalina.core.StandardServer.await StandardServer.await: Invalid command '' received
18-Oct-2018 15:45:05.593 警告 [main] org.apache.catalina.core.StandardServer.await StandardServer.await: Invalid command '' received
18-Oct-2018 15:50:51.836 警告 [main] org.apache.catalina.core.StandardServer.await StandardServer.await: Invalid command '' received
18-Oct-2018 15:52:12.652 信息 [main] org.apache.catalina.core.StandardServer.await A valid shutdown command was received via the shutdown port. Stopping the Server instance.
18-Oct-2018 15:52:12.797 信息 [main] org.apache.coyote.AbstractProtocol.pause Pausing ProtocolHandler ["http-nio-8080"]
18-Oct-2018 15:52:13.090 信息 [main] org.apache.coyote.AbstractProtocol.pause Pausing ProtocolHandler ["ajp-nio-8009"]
18-Oct-2018 15:52:13.155 信息 [main] org.apache.catalina.core.StandardService.stopInternal Stopping service [Catalina]
18-Oct-2018 15:52:13.697 信息 [main] org.apache.coyote.AbstractProtocol.stop Stopping ProtocolHandler ["http-nio-8080"]
18-Oct-2018 15:52:13.725 信息 [main] org.apache.coyote.AbstractProtocol.stop Stopping ProtocolHandler ["ajp-nio-8009"]
18-Oct-2018 15:52:13.784 信息 [main] org.apache.coyote.AbstractProtocol.destroy Destroying ProtocolHandler ["http-nio-8080"]
18-Oct-2018 15:52:13.789 信息 [main] org.apache.coyote.AbstractProtocol.destroy Destroying ProtocolHandler ["ajp-nio-8009"]
22-Oct-2018 15:17:44.794 信息 [main] org.apache.catalina.startup.VersionLoggerListener.log Server version:        Apache Tomcat/8.5.34
22-Oct-2018 15:17:44.819 信息 [main] org.apache.catalina.startup.VersionLoggerListener.log Server built:          Sep 4 2018 22:28:22 UTC
22-Oct-2018 15:17:44.819 信息 [main] org.apache.catalina.startup.VersionLoggerListener.log Server number:         8.5.34.0
22-Oct-2018 15:17:44.820 信息 [main] org.apache.catalina.startup.VersionLoggerListener.log OS Name:               Mac OS X
22-Oct-2018 15:17:44.820 信息 [main] org.apache.catalina.startup.VersionLoggerListener.log OS Version:            10.12.6
22-Oct-2018 15:17:44.820 信息 [main] org.apache.catalina.startup.VersionLoggerListener.log Architecture:          x86_64
22-Oct-2018 15:17:44.820 信息 [main] org.apache.catalina.startup.VersionLoggerListener.log Java Home:             /Library/Java/JavaVirtualMachines/jdk1.8.0_141.jdk/Contents/Home/jre
22-Oct-2018 15:17:44.820 信息 [main] org.apache.catalina.startup.VersionLoggerListener.log JVM Version:           1.8.0_141-b15
22-Oct-2018 15:17:44.821 信息 [main] org.apache.catalina.startup.VersionLoggerListener.log JVM Vendor:            Oracle Corporation
22-Oct-2018 15:17:44.821 信息 [main] org.apache.catalina.startup.VersionLoggerListener.log CATALINA_BASE:         /Users/LinkRay/tomcat8
22-Oct-2018 15:17:44.821 信息 [main] org.apache.catalina.startup.VersionLoggerListener.log CATALINA_HOME:         /Users/LinkRay/tomcat8
22-Oct-2018 15:17:44.822 信息 [main] org.apache.catalina.startup.VersionLoggerListener.log Command line argument: -Djava.util.logging.config.file=/Users/LinkRay/tomcat8/conf/logging.properties
22-Oct-2018 15:17:44.822 信息 [main] org.apache.catalina.startup.VersionLoggerListener.log Command line argument: -Djava.util.logging.manager=org.apache.juli.ClassLoaderLogManager
22-Oct-2018 15:17:44.822 信息 [main] org.apache.catalina.startup.VersionLoggerListener.log Command line argument: -Djdk.tls.ephemeralDHKeySize=2048
22-Oct-2018 15:17:44.822 信息 [main] org.apache.catalina.startup.VersionLoggerListener.log Command line argument: -Djava.protocol.handler.pkgs=org.apache.catalina.webresources
22-Oct-2018 15:17:44.823 信息 [main] org.apache.catalina.startup.VersionLoggerListener.log Command line argument: -Dorg.apache.catalina.security.SecurityListener.UMASK=0027
22-Oct-2018 15:17:44.823 信息 [main] org.apache.catalina.startup.VersionLoggerListener.log Command line argument: -Dignore.endorsed.dirs=
22-Oct-2018 15:17:44.823 信息 [main] org.apache.catalina.startup.VersionLoggerListener.log Command line argument: -Dcatalina.base=/Users/LinkRay/tomcat8
22-Oct-2018 15:17:44.823 信息 [main] org.apache.catalina.startup.VersionLoggerListener.log Command line argument: -Dcatalina.home=/Users/LinkRay/tomcat8
22-Oct-2018 15:17:44.823 信息 [main] org.apache.catalina.startup.VersionLoggerListener.log Command line argument: -Djava.io.tmpdir=/Users/LinkRay/tomcat8/temp
22-Oct-2018 15:17:44.824 信息 [main] org.apache.catalina.core.AprLifecycleListener.lifecycleEvent The APR based Apache Tomcat Native library which allows optimal performance in production environments was not found on the java.library.path: [/Users/LinkRay/Library/Java/Extensions:/Library/Java/Extensions:/Network/Library/Java/Extensions:/System/Library/Java/Extensions:/usr/lib/java:.]
22-Oct-2018 15:17:45.557 信息 [main] org.apache.coyote.AbstractProtocol.init Initializing ProtocolHandler ["http-nio-8088"]
22-Oct-2018 15:17:45.641 信息 [main] org.apache.tomcat.util.net.NioSelectorPool.getSharedSelector Using a shared selector for servlet write/read
22-Oct-2018 15:17:45.685 信息 [main] org.apache.coyote.AbstractProtocol.init Initializing ProtocolHandler ["ajp-nio-8009"]
22-Oct-2018 15:17:45.690 信息 [main] org.apache.tomcat.util.net.NioSelectorPool.getSharedSelector Using a shared selector for servlet write/read
22-Oct-2018 15:17:45.691 信息 [main] org.apache.catalina.startup.Catalina.load Initialization processed in 2227 ms
22-Oct-2018 15:17:45.825 信息 [main] org.apache.catalina.core.StandardService.startInternal Starting service [Catalina]
22-Oct-2018 15:17:45.825 信息 [main] org.apache.catalina.core.StandardEngine.startInternal Starting Servlet Engine: Apache Tomcat/8.5.34
22-Oct-2018 15:17:45.858 信息 [localhost-startStop-1] org.apache.catalina.startup.HostConfig.deployDirectory Deploying web application directory [/Users/LinkRay/tomcat8/webapps/docs]
22-Oct-2018 15:17:47.365 信息 [localhost-startStop-1] org.apache.jasper.servlet.TldScanner.scanJars At least one JAR was scanned for TLDs yet contained no TLDs. Enable debug logging for this logger for a complete list of JARs that were scanned but no TLDs were found in them. Skipping unneeded JARs during scanning can improve startup time and JSP compilation time.
22-Oct-2018 15:17:47.590 信息 [localhost-startStop-1] org.apache.catalina.startup.HostConfig.deployDirectory Deployment of web application directory [/Users/LinkRay/tomcat8/webapps/docs] has finished in [1,732] ms
22-Oct-2018 15:17:47.590 信息 [localhost-startStop-1] org.apache.catalina.startup.HostConfig.deployDirectory Deploying web application directory [/Users/LinkRay/tomcat8/webapps/examples]
22-Oct-2018 15:17:48.317 信息 [localhost-startStop-1] org.apache.jasper.servlet.TldScanner.scanJars At least one JAR was scanned for TLDs yet contained no TLDs. Enable debug logging for this logger for a complete list of JARs that were scanned but no TLDs were found in them. Skipping unneeded JARs during scanning can improve startup time and JSP compilation time.
22-Oct-2018 15:17:48.434 信息 [localhost-startStop-1] org.apache.catalina.startup.HostConfig.deployDirectory Deployment of web application directory [/Users/LinkRay/tomcat8/webapps/examples] has finished in [844] ms
22-Oct-2018 15:17:48.435 信息 [localhost-startStop-1] org.apache.catalina.startup.HostConfig.deployDirectory Deploying web application directory [/Users/LinkRay/tomcat8/webapps/host-manager]
22-Oct-2018 15:17:48.615 信息 [localhost-startStop-1] org.apache.jasper.servlet.TldScanner.scanJars At least one JAR was scanned for TLDs yet contained no TLDs. Enable debug logging for this logger for a complete list of JARs that were scanned but no TLDs were found in them. Skipping unneeded JARs during scanning can improve startup time and JSP compilation time.
22-Oct-2018 15:17:48.622 信息 [localhost-startStop-1] org.apache.catalina.startup.HostConfig.deployDirectory Deployment of web application directory [/Users/LinkRay/tomcat8/webapps/host-manager] has finished in [187] ms
22-Oct-2018 15:17:48.622 信息 [localhost-startStop-1] org.apache.catalina.startup.HostConfig.deployDirectory Deploying web application directory [/Users/LinkRay/tomcat8/webapps/manager]
22-Oct-2018 15:17:48.848 信息 [localhost-startStop-1] org.apache.jasper.servlet.TldScanner.scanJars At least one JAR was scanned for TLDs yet contained no TLDs. Enable debug logging for this logger for a complete list of JARs that were scanned but no TLDs were found in them. Skipping unneeded JARs during scanning can improve startup time and JSP compilation time.
22-Oct-2018 15:17:48.853 信息 [localhost-startStop-1] org.apache.catalina.startup.HostConfig.deployDirectory Deployment of web application directory [/Users/LinkRay/tomcat8/webapps/manager] has finished in [230] ms
22-Oct-2018 15:17:48.853 信息 [localhost-startStop-1] org.apache.catalina.startup.HostConfig.deployDirectory Deploying web application directory [/Users/LinkRay/tomcat8/webapps/ROOT]
22-Oct-2018 15:17:49.000 信息 [localhost-startStop-1] org.apache.jasper.servlet.TldScanner.scanJars At least one JAR was scanned for TLDs yet contained no TLDs. Enable debug logging for this logger for a complete list of JARs that were scanned but no TLDs were found in them. Skipping unneeded JARs during scanning can improve startup time and JSP compilation time.
22-Oct-2018 15:17:49.002 信息 [localhost-startStop-1] org.apache.catalina.startup.HostConfig.deployDirectory Deployment of web application directory [/Users/LinkRay/tomcat8/webapps/ROOT] has finished in [149] ms
22-Oct-2018 15:17:49.011 信息 [main] org.apache.coyote.AbstractProtocol.start Starting ProtocolHandler ["http-nio-8088"]
22-Oct-2018 15:17:49.033 信息 [main] org.apache.coyote.AbstractProtocol.start Starting ProtocolHandler ["ajp-nio-8009"]
22-Oct-2018 15:17:49.036 信息 [main] org.apache.catalina.startup.Catalina.start Server startup in 3344 ms
22-Oct-2018 15:37:29.573 信息 [localhost-startStop-2] org.apache.catalina.startup.HostConfig.deployWAR Deploying web application archive [/Users/LinkRay/tomcat8/webapps/homework_ajax_war.war]
22-Oct-2018 15:37:29.611 警告 [localhost-startStop-2] org.apache.tomcat.util.descriptor.web.WebXml.setVersion Unknown version string [4.0]. Default version will be used.
22-Oct-2018 15:37:29.733 信息 [localhost-startStop-2] org.apache.jasper.servlet.TldScanner.scanJars At least one JAR was scanned for TLDs yet contained no TLDs. Enable debug logging for this logger for a complete list of JARs that were scanned but no TLDs were found in them. Skipping unneeded JARs during scanning can improve startup time and JSP compilation time.
22-Oct-2018 15:37:29.749 信息 [localhost-startStop-2] org.apache.catalina.startup.HostConfig.deployWAR Deployment of web application archive [/Users/LinkRay/tomcat8/webapps/homework_ajax_war.war] has finished in [177] ms
22-Oct-2018 19:16:00.454 警告 [main] org.apache.catalina.core.StandardServer.await StandardServer.await: Invalid command '' received
22-Oct-2018 19:16:36.621 信息 [main] org.apache.catalina.core.StandardServer.await A valid shutdown command was received via the shutdown port. Stopping the Server instance.
22-Oct-2018 19:16:36.625 信息 [main] org.apache.coyote.AbstractProtocol.pause Pausing ProtocolHandler ["http-nio-8088"]
22-Oct-2018 19:16:36.687 信息 [main] org.apache.coyote.AbstractProtocol.pause Pausing ProtocolHandler ["ajp-nio-8009"]
22-Oct-2018 19:16:36.741 信息 [main] org.apache.catalina.core.StandardService.stopInternal Stopping service [Catalina]
22-Oct-2018 19:16:36.830 信息 [main] org.apache.coyote.AbstractProtocol.stop Stopping ProtocolHandler ["http-nio-8088"]
22-Oct-2018 19:16:36.837 信息 [main] org.apache.coyote.AbstractProtocol.stop Stopping ProtocolHandler ["ajp-nio-8009"]
22-Oct-2018 19:16:36.844 信息 [main] org.apache.coyote.AbstractProtocol.destroy Destroying ProtocolHandler ["http-nio-8088"]
22-Oct-2018 19:16:36.845 信息 [main] org.apache.coyote.AbstractProtocol.destroy Destroying ProtocolHandler ["ajp-nio-8009"]
