22-Oct-2018 15:17:44.794 信息 [main] org.apache.catalina.startup.VersionLoggerListener.log Server version:        Apache Tomcat/8.5.34
22-Oct-2018 15:17:44.819 信息 [main] org.apache.catalina.startup.VersionLoggerListener.log Server built:          Sep 4 2018 22:28:22 UTC
22-Oct-2018 15:17:44.819 信息 [main] org.apache.catalina.startup.VersionLoggerListener.log Server number:         8.5.34.0
22-Oct-2018 15:17:44.820 信息 [main] org.apache.catalina.startup.VersionLoggerListener.log OS Name:               Mac OS X
22-Oct-2018 15:17:44.820 信息 [main] org.apache.catalina.startup.VersionLoggerListener.log OS Version:            10.12.6
22-Oct-2018 15:17:44.820 信息 [main] org.apache.catalina.startup.VersionLoggerListener.log Architecture:          x86_64
22-Oct-2018 15:17:44.820 信息 [main] org.apache.catalina.startup.VersionLoggerListener.log Java Home:             /Library/Java/JavaVirtualMachines/jdk1.8.0_141.jdk/Contents/Home/jre
22-Oct-2018 15:17:44.820 信息 [main] org.apache.catalina.startup.VersionLoggerListener.log JVM Version:           1.8.0_141-b15
22-Oct-2018 15:17:44.821 信息 [main] org.apache.catalina.startup.VersionLoggerListener.log JVM Vendor:            Oracle Corporation
22-Oct-2018 15:17:44.821 信息 [main] org.apache.catalina.startup.VersionLoggerListener.log CATALINA_BASE:         /Users/LinkRay/tomcat8
22-Oct-2018 15:17:44.821 信息 [main] org.apache.catalina.startup.VersionLoggerListener.log CATALINA_HOME:         /Users/LinkRay/tomcat8
22-Oct-2018 15:17:44.822 信息 [main] org.apache.catalina.startup.VersionLoggerListener.log Command line argument: -Djava.util.logging.config.file=/Users/LinkRay/tomcat8/conf/logging.properties
22-Oct-2018 15:17:44.822 信息 [main] org.apache.catalina.startup.VersionLoggerListener.log Command line argument: -Djava.util.logging.manager=org.apache.juli.ClassLoaderLogManager
22-Oct-2018 15:17:44.822 信息 [main] org.apache.catalina.startup.VersionLoggerListener.log Command line argument: -Djdk.tls.ephemeralDHKeySize=2048
22-Oct-2018 15:17:44.822 信息 [main] org.apache.catalina.startup.VersionLoggerListener.log Command line argument: -Djava.protocol.handler.pkgs=org.apache.catalina.webresources
22-Oct-2018 15:17:44.823 信息 [main] org.apache.catalina.startup.VersionLoggerListener.log Command line argument: -Dorg.apache.catalina.security.SecurityListener.UMASK=0027
22-Oct-2018 15:17:44.823 信息 [main] org.apache.catalina.startup.VersionLoggerListener.log Command line argument: -Dignore.endorsed.dirs=
22-Oct-2018 15:17:44.823 信息 [main] org.apache.catalina.startup.VersionLoggerListener.log Command line argument: -Dcatalina.base=/Users/LinkRay/tomcat8
22-Oct-2018 15:17:44.823 信息 [main] org.apache.catalina.startup.VersionLoggerListener.log Command line argument: -Dcatalina.home=/Users/LinkRay/tomcat8
22-Oct-2018 15:17:44.823 信息 [main] org.apache.catalina.startup.VersionLoggerListener.log Command line argument: -Djava.io.tmpdir=/Users/LinkRay/tomcat8/temp
22-Oct-2018 15:17:44.824 信息 [main] org.apache.catalina.core.AprLifecycleListener.lifecycleEvent The APR based Apache Tomcat Native library which allows optimal performance in production environments was not found on the java.library.path: [/Users/LinkRay/Library/Java/Extensions:/Library/Java/Extensions:/Network/Library/Java/Extensions:/System/Library/Java/Extensions:/usr/lib/java:.]
22-Oct-2018 15:17:45.557 信息 [main] org.apache.coyote.AbstractProtocol.init Initializing ProtocolHandler ["http-nio-8088"]
22-Oct-2018 15:17:45.641 信息 [main] org.apache.tomcat.util.net.NioSelectorPool.getSharedSelector Using a shared selector for servlet write/read
22-Oct-2018 15:17:45.685 信息 [main] org.apache.coyote.AbstractProtocol.init Initializing ProtocolHandler ["ajp-nio-8009"]
22-Oct-2018 15:17:45.690 信息 [main] org.apache.tomcat.util.net.NioSelectorPool.getSharedSelector Using a shared selector for servlet write/read
22-Oct-2018 15:17:45.691 信息 [main] org.apache.catalina.startup.Catalina.load Initialization processed in 2227 ms
22-Oct-2018 15:17:45.825 信息 [main] org.apache.catalina.core.StandardService.startInternal Starting service [Catalina]
22-Oct-2018 15:17:45.825 信息 [main] org.apache.catalina.core.StandardEngine.startInternal Starting Servlet Engine: Apache Tomcat/8.5.34
22-Oct-2018 15:17:45.858 信息 [localhost-startStop-1] org.apache.catalina.startup.HostConfig.deployDirectory Deploying web application directory [/Users/LinkRay/tomcat8/webapps/docs]
22-Oct-2018 15:17:47.365 信息 [localhost-startStop-1] org.apache.jasper.servlet.TldScanner.scanJars At least one JAR was scanned for TLDs yet contained no TLDs. Enable debug logging for this logger for a complete list of JARs that were scanned but no TLDs were found in them. Skipping unneeded JARs during scanning can improve startup time and JSP compilation time.
22-Oct-2018 15:17:47.590 信息 [localhost-startStop-1] org.apache.catalina.startup.HostConfig.deployDirectory Deployment of web application directory [/Users/LinkRay/tomcat8/webapps/docs] has finished in [1,732] ms
22-Oct-2018 15:17:47.590 信息 [localhost-startStop-1] org.apache.catalina.startup.HostConfig.deployDirectory Deploying web application directory [/Users/LinkRay/tomcat8/webapps/examples]
22-Oct-2018 15:17:48.317 信息 [localhost-startStop-1] org.apache.jasper.servlet.TldScanner.scanJars At least one JAR was scanned for TLDs yet contained no TLDs. Enable debug logging for this logger for a complete list of JARs that were scanned but no TLDs were found in them. Skipping unneeded JARs during scanning can improve startup time and JSP compilation time.
22-Oct-2018 15:17:48.434 信息 [localhost-startStop-1] org.apache.catalina.startup.HostConfig.deployDirectory Deployment of web application directory [/Users/LinkRay/tomcat8/webapps/examples] has finished in [844] ms
22-Oct-2018 15:17:48.435 信息 [localhost-startStop-1] org.apache.catalina.startup.HostConfig.deployDirectory Deploying web application directory [/Users/LinkRay/tomcat8/webapps/host-manager]
22-Oct-2018 15:17:48.615 信息 [localhost-startStop-1] org.apache.jasper.servlet.TldScanner.scanJars At least one JAR was scanned for TLDs yet contained no TLDs. Enable debug logging for this logger for a complete list of JARs that were scanned but no TLDs were found in them. Skipping unneeded JARs during scanning can improve startup time and JSP compilation time.
22-Oct-2018 15:17:48.622 信息 [localhost-startStop-1] org.apache.catalina.startup.HostConfig.deployDirectory Deployment of web application directory [/Users/LinkRay/tomcat8/webapps/host-manager] has finished in [187] ms
22-Oct-2018 15:17:48.622 信息 [localhost-startStop-1] org.apache.catalina.startup.HostConfig.deployDirectory Deploying web application directory [/Users/LinkRay/tomcat8/webapps/manager]
22-Oct-2018 15:17:48.848 信息 [localhost-startStop-1] org.apache.jasper.servlet.TldScanner.scanJars At least one JAR was scanned for TLDs yet contained no TLDs. Enable debug logging for this logger for a complete list of JARs that were scanned but no TLDs were found in them. Skipping unneeded JARs during scanning can improve startup time and JSP compilation time.
22-Oct-2018 15:17:48.853 信息 [localhost-startStop-1] org.apache.catalina.startup.HostConfig.deployDirectory Deployment of web application directory [/Users/LinkRay/tomcat8/webapps/manager] has finished in [230] ms
22-Oct-2018 15:17:48.853 信息 [localhost-startStop-1] org.apache.catalina.startup.HostConfig.deployDirectory Deploying web application directory [/Users/LinkRay/tomcat8/webapps/ROOT]
22-Oct-2018 15:17:49.000 信息 [localhost-startStop-1] org.apache.jasper.servlet.TldScanner.scanJars At least one JAR was scanned for TLDs yet contained no TLDs. Enable debug logging for this logger for a complete list of JARs that were scanned but no TLDs were found in them. Skipping unneeded JARs during scanning can improve startup time and JSP compilation time.
22-Oct-2018 15:17:49.002 信息 [localhost-startStop-1] org.apache.catalina.startup.HostConfig.deployDirectory Deployment of web application directory [/Users/LinkRay/tomcat8/webapps/ROOT] has finished in [149] ms
22-Oct-2018 15:17:49.011 信息 [main] org.apache.coyote.AbstractProtocol.start Starting ProtocolHandler ["http-nio-8088"]
22-Oct-2018 15:17:49.033 信息 [main] org.apache.coyote.AbstractProtocol.start Starting ProtocolHandler ["ajp-nio-8009"]
22-Oct-2018 15:17:49.036 信息 [main] org.apache.catalina.startup.Catalina.start Server startup in 3344 ms
22-Oct-2018 15:37:29.573 信息 [localhost-startStop-2] org.apache.catalina.startup.HostConfig.deployWAR Deploying web application archive [/Users/LinkRay/tomcat8/webapps/homework_ajax_war.war]
22-Oct-2018 15:37:29.611 警告 [localhost-startStop-2] org.apache.tomcat.util.descriptor.web.WebXml.setVersion Unknown version string [4.0]. Default version will be used.
22-Oct-2018 15:37:29.733 信息 [localhost-startStop-2] org.apache.jasper.servlet.TldScanner.scanJars At least one JAR was scanned for TLDs yet contained no TLDs. Enable debug logging for this logger for a complete list of JARs that were scanned but no TLDs were found in them. Skipping unneeded JARs during scanning can improve startup time and JSP compilation time.
22-Oct-2018 15:37:29.749 信息 [localhost-startStop-2] org.apache.catalina.startup.HostConfig.deployWAR Deployment of web application archive [/Users/LinkRay/tomcat8/webapps/homework_ajax_war.war] has finished in [177] ms
22-Oct-2018 19:16:00.454 警告 [main] org.apache.catalina.core.StandardServer.await StandardServer.await: Invalid command '' received
22-Oct-2018 19:16:36.621 信息 [main] org.apache.catalina.core.StandardServer.await A valid shutdown command was received via the shutdown port. Stopping the Server instance.
22-Oct-2018 19:16:36.625 信息 [main] org.apache.coyote.AbstractProtocol.pause Pausing ProtocolHandler ["http-nio-8088"]
22-Oct-2018 19:16:36.687 信息 [main] org.apache.coyote.AbstractProtocol.pause Pausing ProtocolHandler ["ajp-nio-8009"]
22-Oct-2018 19:16:36.741 信息 [main] org.apache.catalina.core.StandardService.stopInternal Stopping service [Catalina]
22-Oct-2018 19:16:36.830 信息 [main] org.apache.coyote.AbstractProtocol.stop Stopping ProtocolHandler ["http-nio-8088"]
22-Oct-2018 19:16:36.837 信息 [main] org.apache.coyote.AbstractProtocol.stop Stopping ProtocolHandler ["ajp-nio-8009"]
22-Oct-2018 19:16:36.844 信息 [main] org.apache.coyote.AbstractProtocol.destroy Destroying ProtocolHandler ["http-nio-8088"]
22-Oct-2018 19:16:36.845 信息 [main] org.apache.coyote.AbstractProtocol.destroy Destroying ProtocolHandler ["ajp-nio-8009"]
